<?xml version="1.0" encoding="UTF-8"?>
<!-- Generated by org.testng.reporters.JUnitXMLReporter -->
<testsuite hostname="LAPTOP-PQJV08MI" ignored="1" name="Test" tests="1" failures="1" timestamp="2019-12-30T08:35:03 IST" time="34.746" errors="0">
  <testcase name="testCase1" time="34.667" classname="com.maven.MavenPractise.FlipkartTestNG">
    <failure type="java.lang.Exception">
      <![CDATA[java.lang.Exception
at com.maven.MavenPractise.SeleniumBaseClass.waitForElementVisiblity(SeleniumBaseClass.java:123)
at com.maven.MavenPractise.FlipkartTestNG.testCase1(FlipkartTestNG.java:104)
at java.util.ArrayList.forEach(Unknown Source)
... Removed 27 stack frames]]>
    </failure>
  </testcase> <!-- testCase1 -->
  <testcase name="testCase" time="0.0" classname="com.maven.MavenPractise.FlipkartTestNG">
    <ignored/>
  </testcase> <!-- testCase -->
</testsuite> <!-- Test -->
